  [1m[35m (5.5ms)[0m  [1m[35mCREATE TABLE "schema_migrations" ("version" character varying PRIMARY KEY)[0m
  [1m[35m (3.0ms)[0m  [1m[35mCREATE TABLE "ar_internal_metadata" ("key" character varying PRIMARY KEY, "value" character varying, "created_at" timestamp NOT NULL, "updated_at" timestamp NOT NULL)[0m
  [1m[35m (0.2ms)[0m  [1m[34mSELECT pg_try_advisory_lock(7619120199519165855);[0m
  [1m[36mActiveRecord::SchemaMigration Load (0.4ms)[0m  [1m[34mSELECT "schema_migrations".* FROM "schema_migrations"[0m
Migrating to CreateUsers (20170228001410)
  [1m[35m (0.2ms)[0m  [1m[35mBEGIN[0m
  [1m[35m (6.3ms)[0m  [1m[35mCREATE TABLE "users" ("id" serial primary key, "name" character varying, "email" character varying, "password_digest" character varying, "created_at" timestamp NOT NULL, "updated_at" timestamp NOT NULL)[0m
  [1m[35mSQL (1.0ms)[0m  [1m[32mINSERT INTO "schema_migrations" ("version") VALUES ($1) RETURNING "version"[0m  [["version", "20170228001410"]]
  [1m[35m (40.4ms)[0m  [1m[35mCOMMIT[0m
Migrating to CreatePosts (20170228001449)
  [1m[35m (0.3ms)[0m  [1m[35mBEGIN[0m
  [1m[35m (4.8ms)[0m  [1m[35mCREATE TABLE "posts" ("id" serial primary key, "title" character varying, "content" character varying, "user_id" integer, "created_at" timestamp NOT NULL, "updated_at" timestamp NOT NULL, CONSTRAINT "fk_rails_5b5ddfd518"
FOREIGN KEY ("user_id")
  REFERENCES "users" ("id")
)[0m
  [1m[35m (24.1ms)[0m  [1m[35mCREATE  INDEX  "index_posts_on_user_id" ON "posts"  ("user_id")[0m
  [1m[35mSQL (0.3ms)[0m  [1m[32mINSERT INTO "schema_migrations" ("version") VALUES ($1) RETURNING "version"[0m  [["version", "20170228001449"]]
  [1m[35m (0.6ms)[0m  [1m[35mCOMMIT[0m
Migrating to CreateComments (20170228001550)
  [1m[35m (0.3ms)[0m  [1m[35mBEGIN[0m
  [1m[35m (4.0ms)[0m  [1m[35mCREATE TABLE "comments" ("id" serial primary key, "content" character varying, "user_id" integer, "post_id" integer, "created_at" timestamp NOT NULL, "updated_at" timestamp NOT NULL, CONSTRAINT "fk_rails_03de2dc08c"
FOREIGN KEY ("user_id")
  REFERENCES "users" ("id")
, CONSTRAINT "fk_rails_2fd19c0db7"
FOREIGN KEY ("post_id")
  REFERENCES "posts" ("id")
)[0m
  [1m[35m (1.0ms)[0m  [1m[35mCREATE  INDEX  "index_comments_on_user_id" ON "comments"  ("user_id")[0m
  [1m[35m (1.0ms)[0m  [1m[35mCREATE  INDEX  "index_comments_on_post_id" ON "comments"  ("post_id")[0m
  [1m[35mSQL (0.2ms)[0m  [1m[32mINSERT INTO "schema_migrations" ("version") VALUES ($1) RETURNING "version"[0m  [["version", "20170228001550"]]
  [1m[35m (0.7ms)[0m  [1m[35mCOMMIT[0m
  [1m[36mActiveRecord::InternalMetadata Load (0.4ms)[0m  [1m[34mSELECT  "ar_internal_metadata".* FROM "ar_internal_metadata" WHERE "ar_internal_metadata"."key" = $1 LIMIT $2[0m  [["key", :environment], ["LIMIT", 1]]
  [1m[35m (0.1ms)[0m  [1m[35mBEGIN[0m
  [1m[35mSQL (0.4ms)[0m  [1m[32mINSERT INTO "ar_internal_metadata" ("key", "value", "created_at", "updated_at") VALUES ($1, $2, $3, $4) RETURNING "key"[0m  [["key", "environment"], ["value", "development"], ["created_at", 2017-02-28 00:18:03 UTC], ["updated_at", 2017-02-28 00:18:03 UTC]]
  [1m[35m (0.7ms)[0m  [1m[35mCOMMIT[0m
  [1m[35m (0.2ms)[0m  [1m[34mSELECT pg_advisory_unlock(7619120199519165855)[0m
  [1m[36mActiveRecord::SchemaMigration Load (0.3ms)[0m  [1m[34mSELECT "schema_migrations".* FROM "schema_migrations"[0m
Started GET "/" for ::1 at 2017-02-27 16:21:39 -0800
Started GET "/" for ::1 at 2017-02-27 16:21:40 -0800
  [1m[36mActiveRecord::SchemaMigration Load (0.6ms)[0m  [1m[34mSELECT "schema_migrations".* FROM "schema_migrations"[0m
  [1m[36mActiveRecord::SchemaMigration Load (0.7ms)[0m  [1m[34mSELECT "schema_migrations".* FROM "schema_migrations"[0m
Processing by UsersController#new as HTML
Processing by UsersController#new as HTML
  Rendering users/new.html.erb within layouts/application
  Rendering users/new.html.erb within layouts/application
  Rendered users/new.html.erb within layouts/application (111.7ms)
  Rendered users/new.html.erb within layouts/application (111.1ms)
Completed 200 OK in 1570ms (Views: 1506.7ms | ActiveRecord: 2.5ms)


Completed 200 OK in 1595ms (Views: 1537.4ms | ActiveRecord: 4.5ms)


Started GET "/login" for ::1 at 2017-02-27 16:23:40 -0800
Started GET "/login" for ::1 at 2017-02-27 16:23:50 -0800
Processing by SessionsController#new as HTML
  Rendering sessions/new.html.erb within layouts/application
  Rendered sessions/new.html.erb within layouts/application (2.3ms)
Completed 200 OK in 126ms (Views: 123.3ms | ActiveRecord: 0.0ms)


Processing by SessionsController#new as HTML
  Rendering sessions/new.html.erb within layouts/application
  Rendered sessions/new.html.erb within layouts/application (1.5ms)
Completed 200 OK in 34ms (Views: 31.9ms | ActiveRecord: 0.0ms)


Started GET "/login" for ::1 at 2017-02-27 16:24:59 -0800
Processing by SessionsController#new as HTML
  Rendering sessions/new.html.erb within layouts/application
  Rendered sessions/new.html.erb within layouts/application (2.1ms)
Completed 200 OK in 36ms (Views: 33.3ms | ActiveRecord: 0.0ms)


Started POST "/login" for ::1 at 2017-02-27 16:25:05 -0800
Processing by SessionsController#create as HTML
  Parameters: {"utf8"=>"✓", "authenticity_token"=>"CIGDA4Zeog9k6W5rGgu8kpFAviEnruNLWiRp5EYpNTmIDEJOPGvT4zCp2leTHO/TvUAGlnvGY+hUitT/jtAcaw==", "login"=>{"email"=>"ovan20081@outlook.com", "password"=>"[FILTERED]"}, "commit"=>"Log In"}
  [1m[36mUser Load (0.7ms)[0m  [1m[34mSELECT  "users".* FROM "users" WHERE "users"."email" = $1 LIMIT $2[0m  [["email", "ovan20081@outlook.com"], ["LIMIT", 1]]
  Rendering sessions/new.html.erb within layouts/application
  Rendered sessions/new.html.erb within layouts/application (1.8ms)
Completed 200 OK in 65ms (Views: 35.4ms | ActiveRecord: 2.5ms)


Started GET "/users/new" for ::1 at 2017-02-27 16:25:07 -0800
Processing by UsersController#new as HTML
  Rendering users/new.html.erb within layouts/application
  Rendered users/new.html.erb within layouts/application (3.8ms)
Completed 200 OK in 54ms (Views: 40.8ms | ActiveRecord: 2.5ms)


Started POST "/users" for ::1 at 2017-02-27 16:25:17 -0800
Processing by UsersController#create as HTML
  Parameters: {"utf8"=>"✓", "authenticity_token"=>"gilznTZIShJmOLyyoojX9nPsveqGjQZ3bMBHNsK81Rj6rl69/W1ik9F2+8Km+PXGUUiu5lRk01SOBVtZaj/HeQ==", "user"=>{"name"=>"Dalmus", "email"=>"ovan20081@outlook.com", "password"=>"[FILTERED]", "password_confirmation"=>"[FILTERED]"}, "commit"=>"Sign up!"}
  [1m[35m (0.2ms)[0m  [1m[35mBEGIN[0m
  [1m[36mUser Exists (0.4ms)[0m  [1m[34mSELECT  1 AS one FROM "users" WHERE "users"."email" = $1 LIMIT $2[0m  [["email", "ovan20081@outlook.com"], ["LIMIT", 1]]
  [1m[35mSQL (0.6ms)[0m  [1m[32mINSERT INTO "users" ("name", "email", "password_digest", "created_at", "updated_at") VALUES ($1, $2, $3, $4, $5) RETURNING "id"[0m  [["name", "Dalmus"], ["email", "ovan20081@outlook.com"], ["password_digest", "$2a$10$l1FsK15APywtgzpDbhYcp.XicvSJJAJPUyiiirYFcdXKF.DRLGdE6"], ["created_at", 2017-02-28 00:25:17 UTC], ["updated_at", 2017-02-28 00:25:17 UTC]]
  [1m[35m (40.9ms)[0m  [1m[35mCOMMIT[0m
Redirected to http://localhost:3000/
Completed 302 Found in 187ms (ActiveRecord: 42.0ms)


Started GET "/" for ::1 at 2017-02-27 16:25:17 -0800
Processing by UsersController#new as HTML
  Rendering users/new.html.erb within layouts/application
  Rendered users/new.html.erb within layouts/application (2.9ms)
Completed 200 OK in 35ms (Views: 31.8ms | ActiveRecord: 0.0ms)


Started GET "/login" for ::1 at 2017-02-27 16:25:19 -0800
Processing by SessionsController#new as HTML
  Rendering sessions/new.html.erb within layouts/application
  Rendered sessions/new.html.erb within layouts/application (3.0ms)
Completed 200 OK in 43ms (Views: 38.8ms | ActiveRecord: 0.0ms)


Started POST "/login" for ::1 at 2017-02-27 16:25:21 -0800
Processing by SessionsController#create as HTML
  Parameters: {"utf8"=>"✓", "authenticity_token"=>"UadVO5cvg8U9Kgv/+mAnAIXYxYqTapJUeJSq5zna747Cd/SxatoWuQrEsfJbBeLV53/sQwGLj4shgrfmAv4V+Q==", "login"=>{"email"=>"ovan20081@outlook.com", "password"=>"[FILTERED]"}, "commit"=>"Log In"}
  [1m[36mUser Load (0.4ms)[0m  [1m[34mSELECT  "users".* FROM "users" WHERE "users"."email" = $1 LIMIT $2[0m  [["email", "ovan20081@outlook.com"], ["LIMIT", 1]]
  Rendering sessions/new.html.erb within layouts/application
  Rendered sessions/new.html.erb within layouts/application (1.8ms)
Completed 200 OK in 142ms (Views: 41.9ms | ActiveRecord: 0.6ms)


Started POST "/login" for ::1 at 2017-02-27 16:25:28 -0800
Processing by SessionsController#create as HTML
  Parameters: {"utf8"=>"✓", "authenticity_token"=>"f1MWzDEsfuSnLkivU8tKZLSpOBrLxs8MBZCcN3SbXUn/3teBixkPCPNu/JPa3BklmKmArZeuT68LPiEsvGJ0Gw==", "login"=>{"email"=>"ovan20081@outlook.com", "password"=>"[FILTERED]"}, "commit"=>"Log In"}
  [1m[36mUser Load (0.3ms)[0m  [1m[34mSELECT  "users".* FROM "users" WHERE "users"."email" = $1 LIMIT $2[0m  [["email", "ovan20081@outlook.com"], ["LIMIT", 1]]
Redirected to http://localhost:3000/
Completed 302 Found in 93ms (ActiveRecord: 0.3ms)


Started GET "/" for ::1 at 2017-02-27 16:25:28 -0800
Processing by UsersController#new as HTML
  Rendering users/new.html.erb within layouts/application
  Rendered users/new.html.erb within layouts/application (2.6ms)
  [1m[36mUser Load (0.3ms)[0m  [1m[34mSELECT  "users".* FROM "users" WHERE "users"."id" = $1 LIMIT $2[0m  [["id", 1], ["LIMIT", 1]]
Completed 200 OK in 41ms (Views: 37.9ms | ActiveRecord: 0.3ms)


Started GET "/" for ::1 at 2017-02-27 16:25:44 -0800
Processing by UsersController#new as HTML
  Rendering users/new.html.erb within layouts/application
  Rendered users/new.html.erb within layouts/application (2.8ms)
  [1m[36mUser Load (0.3ms)[0m  [1m[34mSELECT  "users".* FROM "users" WHERE "users"."id" = $1 LIMIT $2[0m  [["id", 1], ["LIMIT", 1]]
Completed 200 OK in 49ms (Views: 45.3ms | ActiveRecord: 0.3ms)


Started GET "/" for ::1 at 2017-02-27 16:27:22 -0800
Processing by SessionsController#new as HTML
  Rendering sessions/new.html.erb within layouts/application
  Rendered sessions/new.html.erb within layouts/application (2.2ms)
  [1m[36mUser Load (0.3ms)[0m  [1m[34mSELECT  "users".* FROM "users" WHERE "users"."id" = $1 LIMIT $2[0m  [["id", 1], ["LIMIT", 1]]
Completed 200 OK in 73ms (Views: 66.9ms | ActiveRecord: 3.5ms)


Started POST "/" for ::1 at 2017-02-27 16:27:24 -0800
  
ActionController::RoutingError (No route matches [POST] "/"):
  
actionpack (5.0.1) lib/action_dispatch/middleware/debug_exceptions.rb:53:in `call'
web-console (3.4.0) lib/web_console/middleware.rb:135:in `call_app'
web-console (3.4.0) lib/web_console/middleware.rb:28:in `block in call'
web-console (3.4.0) lib/web_console/middleware.rb:18:in `catch'
web-console (3.4.0) lib/web_console/middleware.rb:18:in `call'
actionpack (5.0.1) lib/action_dispatch/middleware/show_exceptions.rb:31:in `call'
railties (5.0.1) lib/rails/rack/logger.rb:36:in `call_app'
railties (5.0.1) lib/rails/rack/logger.rb:24:in `block in call'
activesupport (5.0.1) lib/active_support/tagged_logging.rb:69:in `block in tagged'
activesupport (5.0.1) lib/active_support/tagged_logging.rb:26:in `tagged'
activesupport (5.0.1) lib/active_support/tagged_logging.rb:69:in `tagged'
railties (5.0.1) lib/rails/rack/logger.rb:24:in `call'
sprockets-rails (3.2.0) lib/sprockets/rails/quiet_assets.rb:13:in `call'
actionpack (5.0.1) lib/action_dispatch/middleware/request_id.rb:24:in `call'
rack (2.0.1) lib/rack/method_override.rb:22:in `call'
rack (2.0.1) lib/rack/runtime.rb:22:in `call'
activesupport (5.0.1) lib/active_support/cache/strategy/local_cache_middleware.rb:28:in `call'
actionpack (5.0.1) lib/action_dispatch/middleware/executor.rb:12:in `call'
actionpack (5.0.1) lib/action_dispatch/middleware/static.rb:136:in `call'
rack (2.0.1) lib/rack/sendfile.rb:111:in `call'
railties (5.0.1) lib/rails/engine.rb:522:in `call'
puma (3.7.1) lib/puma/configuration.rb:232:in `call'
puma (3.7.1) lib/puma/server.rb:578:in `handle_request'
puma (3.7.1) lib/puma/server.rb:415:in `process_client'
puma (3.7.1) lib/puma/server.rb:275:in `block in run'
puma (3.7.1) lib/puma/thread_pool.rb:120:in `call'
puma (3.7.1) lib/puma/thread_pool.rb:120:in `block in spawn_thread'
  Rendering /Users/Esau/.rbenv/versions/2.2.3/lib/ruby/gems/2.2.0/gems/actionpack-5.0.1/lib/action_dispatch/middleware/templates/rescues/routing_error.html.erb within rescues/layout
  Rendering /Users/Esau/.rbenv/versions/2.2.3/lib/ruby/gems/2.2.0/gems/actionpack-5.0.1/lib/action_dispatch/middleware/templates/rescues/_trace.html.erb
  Rendered /Users/Esau/.rbenv/versions/2.2.3/lib/ruby/gems/2.2.0/gems/actionpack-5.0.1/lib/action_dispatch/middleware/templates/rescues/_trace.html.erb (2.4ms)
  Rendered collection of /Users/Esau/.rbenv/versions/2.2.3/lib/ruby/gems/2.2.0/gems/actionpack-5.0.1/lib/action_dispatch/middleware/templates/routes/_route.html.erb [6 times] (6.3ms)
  Rendered /Users/Esau/.rbenv/versions/2.2.3/lib/ruby/gems/2.2.0/gems/actionpack-5.0.1/lib/action_dispatch/middleware/templates/routes/_table.html.erb (7.3ms)
  Rendering /Users/Esau/.rbenv/versions/2.2.3/lib/ruby/gems/2.2.0/gems/actionpack-5.0.1/lib/action_dispatch/middleware/templates/rescues/_request_and_response.html.erb
  Rendered /Users/Esau/.rbenv/versions/2.2.3/lib/ruby/gems/2.2.0/gems/actionpack-5.0.1/lib/action_dispatch/middleware/templates/rescues/_request_and_response.html.erb (2.4ms)
  Rendered /Users/Esau/.rbenv/versions/2.2.3/lib/ruby/gems/2.2.0/gems/actionpack-5.0.1/lib/action_dispatch/middleware/templates/rescues/routing_error.html.erb within rescues/layout (177.4ms)
Started POST "/" for ::1 at 2017-02-27 16:28:18 -0800
  
ActionController::RoutingError (No route matches [POST] "/"):
  
actionpack (5.0.1) lib/action_dispatch/middleware/debug_exceptions.rb:53:in `call'
web-console (3.4.0) lib/web_console/middleware.rb:135:in `call_app'
web-console (3.4.0) lib/web_console/middleware.rb:28:in `block in call'
web-console (3.4.0) lib/web_console/middleware.rb:18:in `catch'
web-console (3.4.0) lib/web_console/middleware.rb:18:in `call'
actionpack (5.0.1) lib/action_dispatch/middleware/show_exceptions.rb:31:in `call'
railties (5.0.1) lib/rails/rack/logger.rb:36:in `call_app'
railties (5.0.1) lib/rails/rack/logger.rb:24:in `block in call'
activesupport (5.0.1) lib/active_support/tagged_logging.rb:69:in `block in tagged'
activesupport (5.0.1) lib/active_support/tagged_logging.rb:26:in `tagged'
activesupport (5.0.1) lib/active_support/tagged_logging.rb:69:in `tagged'
railties (5.0.1) lib/rails/rack/logger.rb:24:in `call'
sprockets-rails (3.2.0) lib/sprockets/rails/quiet_assets.rb:13:in `call'
actionpack (5.0.1) lib/action_dispatch/middleware/request_id.rb:24:in `call'
rack (2.0.1) lib/rack/method_override.rb:22:in `call'
rack (2.0.1) lib/rack/runtime.rb:22:in `call'
activesupport (5.0.1) lib/active_support/cache/strategy/local_cache_middleware.rb:28:in `call'
actionpack (5.0.1) lib/action_dispatch/middleware/executor.rb:12:in `call'
actionpack (5.0.1) lib/action_dispatch/middleware/static.rb:136:in `call'
rack (2.0.1) lib/rack/sendfile.rb:111:in `call'
railties (5.0.1) lib/rails/engine.rb:522:in `call'
puma (3.7.1) lib/puma/configuration.rb:232:in `call'
puma (3.7.1) lib/puma/server.rb:578:in `handle_request'
puma (3.7.1) lib/puma/server.rb:415:in `process_client'
puma (3.7.1) lib/puma/server.rb:275:in `block in run'
puma (3.7.1) lib/puma/thread_pool.rb:120:in `call'
puma (3.7.1) lib/puma/thread_pool.rb:120:in `block in spawn_thread'
  Rendering /Users/Esau/.rbenv/versions/2.2.3/lib/ruby/gems/2.2.0/gems/actionpack-5.0.1/lib/action_dispatch/middleware/templates/rescues/routing_error.html.erb within rescues/layout
  Rendering /Users/Esau/.rbenv/versions/2.2.3/lib/ruby/gems/2.2.0/gems/actionpack-5.0.1/lib/action_dispatch/middleware/templates/rescues/_trace.html.erb
  Rendered /Users/Esau/.rbenv/versions/2.2.3/lib/ruby/gems/2.2.0/gems/actionpack-5.0.1/lib/action_dispatch/middleware/templates/rescues/_trace.html.erb (1.9ms)
  Rendered collection of /Users/Esau/.rbenv/versions/2.2.3/lib/ruby/gems/2.2.0/gems/actionpack-5.0.1/lib/action_dispatch/middleware/templates/routes/_route.html.erb [6 times] (3.1ms)
  Rendered /Users/Esau/.rbenv/versions/2.2.3/lib/ruby/gems/2.2.0/gems/actionpack-5.0.1/lib/action_dispatch/middleware/templates/routes/_table.html.erb (1.6ms)
  Rendering /Users/Esau/.rbenv/versions/2.2.3/lib/ruby/gems/2.2.0/gems/actionpack-5.0.1/lib/action_dispatch/middleware/templates/rescues/_request_and_response.html.erb
  Rendered /Users/Esau/.rbenv/versions/2.2.3/lib/ruby/gems/2.2.0/gems/actionpack-5.0.1/lib/action_dispatch/middleware/templates/rescues/_request_and_response.html.erb (2.8ms)
  Rendered /Users/Esau/.rbenv/versions/2.2.3/lib/ruby/gems/2.2.0/gems/actionpack-5.0.1/lib/action_dispatch/middleware/templates/rescues/routing_error.html.erb within rescues/layout (140.2ms)
Started POST "/" for ::1 at 2017-02-27 16:28:25 -0800
  
ActionController::RoutingError (No route matches [POST] "/"):
  
actionpack (5.0.1) lib/action_dispatch/middleware/debug_exceptions.rb:53:in `call'
web-console (3.4.0) lib/web_console/middleware.rb:135:in `call_app'
web-console (3.4.0) lib/web_console/middleware.rb:28:in `block in call'
web-console (3.4.0) lib/web_console/middleware.rb:18:in `catch'
web-console (3.4.0) lib/web_console/middleware.rb:18:in `call'
actionpack (5.0.1) lib/action_dispatch/middleware/show_exceptions.rb:31:in `call'
railties (5.0.1) lib/rails/rack/logger.rb:36:in `call_app'
railties (5.0.1) lib/rails/rack/logger.rb:24:in `block in call'
activesupport (5.0.1) lib/active_support/tagged_logging.rb:69:in `block in tagged'
activesupport (5.0.1) lib/active_support/tagged_logging.rb:26:in `tagged'
activesupport (5.0.1) lib/active_support/tagged_logging.rb:69:in `tagged'
railties (5.0.1) lib/rails/rack/logger.rb:24:in `call'
sprockets-rails (3.2.0) lib/sprockets/rails/quiet_assets.rb:13:in `call'
actionpack (5.0.1) lib/action_dispatch/middleware/request_id.rb:24:in `call'
rack (2.0.1) lib/rack/method_override.rb:22:in `call'
rack (2.0.1) lib/rack/runtime.rb:22:in `call'
activesupport (5.0.1) lib/active_support/cache/strategy/local_cache_middleware.rb:28:in `call'
actionpack (5.0.1) lib/action_dispatch/middleware/executor.rb:12:in `call'
actionpack (5.0.1) lib/action_dispatch/middleware/static.rb:136:in `call'
rack (2.0.1) lib/rack/sendfile.rb:111:in `call'
railties (5.0.1) lib/rails/engine.rb:522:in `call'
puma (3.7.1) lib/puma/configuration.rb:232:in `call'
puma (3.7.1) lib/puma/server.rb:578:in `handle_request'
puma (3.7.1) lib/puma/server.rb:415:in `process_client'
puma (3.7.1) lib/puma/server.rb:275:in `block in run'
puma (3.7.1) lib/puma/thread_pool.rb:120:in `call'
puma (3.7.1) lib/puma/thread_pool.rb:120:in `block in spawn_thread'
  Rendering /Users/Esau/.rbenv/versions/2.2.3/lib/ruby/gems/2.2.0/gems/actionpack-5.0.1/lib/action_dispatch/middleware/templates/rescues/routing_error.html.erb within rescues/layout
  Rendering /Users/Esau/.rbenv/versions/2.2.3/lib/ruby/gems/2.2.0/gems/actionpack-5.0.1/lib/action_dispatch/middleware/templates/rescues/_trace.html.erb
  Rendered /Users/Esau/.rbenv/versions/2.2.3/lib/ruby/gems/2.2.0/gems/actionpack-5.0.1/lib/action_dispatch/middleware/templates/rescues/_trace.html.erb (2.3ms)
  Rendered collection of /Users/Esau/.rbenv/versions/2.2.3/lib/ruby/gems/2.2.0/gems/actionpack-5.0.1/lib/action_dispatch/middleware/templates/routes/_route.html.erb [6 times] (2.9ms)
  Rendered /Users/Esau/.rbenv/versions/2.2.3/lib/ruby/gems/2.2.0/gems/actionpack-5.0.1/lib/action_dispatch/middleware/templates/routes/_table.html.erb (1.8ms)
  Rendering /Users/Esau/.rbenv/versions/2.2.3/lib/ruby/gems/2.2.0/gems/actionpack-5.0.1/lib/action_dispatch/middleware/templates/rescues/_request_and_response.html.erb
  Rendered /Users/Esau/.rbenv/versions/2.2.3/lib/ruby/gems/2.2.0/gems/actionpack-5.0.1/lib/action_dispatch/middleware/templates/rescues/_request_and_response.html.erb (3.0ms)
  Rendered /Users/Esau/.rbenv/versions/2.2.3/lib/ruby/gems/2.2.0/gems/actionpack-5.0.1/lib/action_dispatch/middleware/templates/rescues/routing_error.html.erb within rescues/layout (145.3ms)
Started GET "/" for ::1 at 2017-02-27 16:28:31 -0800
Processing by UsersController#new as HTML
  Rendering users/new.html.erb within layouts/application
  Rendered users/new.html.erb within layouts/application (3.5ms)
  [1m[36mUser Load (0.3ms)[0m  [1m[34mSELECT  "users".* FROM "users" WHERE "users"."id" = $1 LIMIT $2[0m  [["id", 1], ["LIMIT", 1]]
Completed 200 OK in 56ms (Views: 38.5ms | ActiveRecord: 4.5ms)


Started GET "/" for ::1 at 2017-02-27 16:34:16 -0800
Processing by UsersController#new as HTML
  Rendering users/new.html.erb within layouts/application
  Rendered users/new.html.erb within layouts/application (3.9ms)
  [1m[36mUser Load (0.4ms)[0m  [1m[34mSELECT  "users".* FROM "users" WHERE "users"."id" = $1 LIMIT $2[0m  [["id", 1], ["LIMIT", 1]]
Completed 200 OK in 51ms (Views: 35.4ms | ActiveRecord: 3.9ms)


Started GET "/posts" for ::1 at 2017-02-27 16:34:20 -0800
Processing by PostsController#index as HTML
Completed 406 Not Acceptable in 126ms (ActiveRecord: 0.0ms)


  
ActionController::UnknownFormat (PostsController#index is missing a template for this request format and variant.

request.formats: ["text/html"]
request.variant: []

NOTE! For XHR/Ajax or API requests, this action would normally respond with 204 No Content: an empty white screen. Since you're loading it in a web browser, we assume that you expected to actually render a template, not nothing, so we're showing an error to be extra-clear. If you expect 204 No Content, carry on. That's what you'll get from an XHR or API request. Give it a shot.):
  
actionpack (5.0.1) lib/action_controller/metal/implicit_render.rb:56:in `default_render'
actionpack (5.0.1) lib/action_controller/metal/basic_implicit_render.rb:4:in `block in send_action'
actionpack (5.0.1) lib/action_controller/metal/basic_implicit_render.rb:4:in `tap'
actionpack (5.0.1) lib/action_controller/metal/basic_implicit_render.rb:4:in `send_action'
actionpack (5.0.1) lib/abstract_controller/base.rb:188:in `process_action'
actionpack (5.0.1) lib/action_controller/metal/rendering.rb:30:in `process_action'
actionpack (5.0.1) lib/abstract_controller/callbacks.rb:20:in `block in process_action'
activesupport (5.0.1) lib/active_support/callbacks.rb:126:in `call'
activesupport (5.0.1) lib/active_support/callbacks.rb:126:in `call'
activesupport (5.0.1) lib/active_support/callbacks.rb:506:in `block (2 levels) in compile'
activesupport (5.0.1) lib/active_support/callbacks.rb:455:in `call'
activesupport (5.0.1) lib/active_support/callbacks.rb:455:in `call'
activesupport (5.0.1) lib/active_support/callbacks.rb:101:in `__run_callbacks__'
activesupport (5.0.1) lib/active_support/callbacks.rb:750:in `_run_process_action_callbacks'
activesupport (5.0.1) lib/active_support/callbacks.rb:90:in `run_callbacks'
actionpack (5.0.1) lib/abstract_controller/callbacks.rb:19:in `process_action'
actionpack (5.0.1) lib/action_controller/metal/rescue.rb:20:in `process_action'
actionpack (5.0.1) lib/action_controller/metal/instrumentation.rb:32:in `block in process_action'
activesupport (5.0.1) lib/active_support/notifications.rb:164:in `block in instrument'
activesupport (5.0.1) lib/active_support/notifications/instrumenter.rb:21:in `instrument'
activesupport (5.0.1) lib/active_support/notifications.rb:164:in `instrument'
actionpack (5.0.1) lib/action_controller/metal/instrumentation.rb:30:in `process_action'
actionpack (5.0.1) lib/action_controller/metal/params_wrapper.rb:248:in `process_action'
activerecord (5.0.1) lib/active_record/railties/controller_runtime.rb:18:in `process_action'
actionpack (5.0.1) lib/abstract_controller/base.rb:126:in `process'
actionview (5.0.1) lib/action_view/rendering.rb:30:in `process'
actionpack (5.0.1) lib/action_controller/metal.rb:190:in `dispatch'
actionpack (5.0.1) lib/action_controller/metal.rb:262:in `dispatch'
actionpack (5.0.1) lib/action_dispatch/routing/route_set.rb:50:in `dispatch'
actionpack (5.0.1) lib/action_dispatch/routing/route_set.rb:32:in `serve'
actionpack (5.0.1) lib/action_dispatch/journey/router.rb:39:in `block in serve'
actionpack (5.0.1) lib/action_dispatch/journey/router.rb:26:in `each'
actionpack (5.0.1) lib/action_dispatch/journey/router.rb:26:in `serve'
actionpack (5.0.1) lib/action_dispatch/routing/route_set.rb:725:in `call'
rack (2.0.1) lib/rack/etag.rb:25:in `call'
rack (2.0.1) lib/rack/conditional_get.rb:25:in `call'
rack (2.0.1) lib/rack/head.rb:12:in `call'
rack (2.0.1) lib/rack/session/abstract/id.rb:222:in `context'
rack (2.0.1) lib/rack/session/abstract/id.rb:216:in `call'
actionpack (5.0.1) lib/action_dispatch/middleware/cookies.rb:613:in `call'
activerecord (5.0.1) lib/active_record/migration.rb:553:in `call'
actionpack (5.0.1) lib/action_dispatch/middleware/callbacks.rb:38:in `block in call'
activesupport (5.0.1) lib/active_support/callbacks.rb:97:in `__run_callbacks__'
activesupport (5.0.1) lib/active_support/callbacks.rb:750:in `_run_call_callbacks'
activesupport (5.0.1) lib/active_support/callbacks.rb:90:in `run_callbacks'
actionpack (5.0.1) lib/action_dispatch/middleware/callbacks.rb:36:in `call'
actionpack (5.0.1) lib/action_dispatch/middleware/executor.rb:12:in `call'
actionpack (5.0.1) lib/action_dispatch/middleware/remote_ip.rb:79:in `call'
actionpack (5.0.1) lib/action_dispatch/middleware/debug_exceptions.rb:49:in `call'
web-console (3.4.0) lib/web_console/middleware.rb:135:in `call_app'
web-console (3.4.0) lib/web_console/middleware.rb:28:in `block in call'
web-console (3.4.0) lib/web_console/middleware.rb:18:in `catch'
web-console (3.4.0) lib/web_console/middleware.rb:18:in `call'
actionpack (5.0.1) lib/action_dispatch/middleware/show_exceptions.rb:31:in `call'
railties (5.0.1) lib/rails/rack/logger.rb:36:in `call_app'
railties (5.0.1) lib/rails/rack/logger.rb:24:in `block in call'
activesupport (5.0.1) lib/active_support/tagged_logging.rb:69:in `block in tagged'
activesupport (5.0.1) lib/active_support/tagged_logging.rb:26:in `tagged'
activesupport (5.0.1) lib/active_support/tagged_logging.rb:69:in `tagged'
railties (5.0.1) lib/rails/rack/logger.rb:24:in `call'
sprockets-rails (3.2.0) lib/sprockets/rails/quiet_assets.rb:13:in `call'
actionpack (5.0.1) lib/action_dispatch/middleware/request_id.rb:24:in `call'
rack (2.0.1) lib/rack/method_override.rb:22:in `call'
rack (2.0.1) lib/rack/runtime.rb:22:in `call'
activesupport (5.0.1) lib/active_support/cache/strategy/local_cache_middleware.rb:28:in `call'
actionpack (5.0.1) lib/action_dispatch/middleware/executor.rb:12:in `call'
actionpack (5.0.1) lib/action_dispatch/middleware/static.rb:136:in `call'
rack (2.0.1) lib/rack/sendfile.rb:111:in `call'
railties (5.0.1) lib/rails/engine.rb:522:in `call'
puma (3.7.1) lib/puma/configuration.rb:232:in `call'
puma (3.7.1) lib/puma/server.rb:578:in `handle_request'
puma (3.7.1) lib/puma/server.rb:415:in `process_client'
puma (3.7.1) lib/puma/server.rb:275:in `block in run'
puma (3.7.1) lib/puma/thread_pool.rb:120:in `call'
puma (3.7.1) lib/puma/thread_pool.rb:120:in `block in spawn_thread'
  Rendering /Users/Esau/.rbenv/versions/2.2.3/lib/ruby/gems/2.2.0/gems/actionpack-5.0.1/lib/action_dispatch/middleware/templates/rescues/diagnostics.html.erb within rescues/layout
  Rendering /Users/Esau/.rbenv/versions/2.2.3/lib/ruby/gems/2.2.0/gems/actionpack-5.0.1/lib/action_dispatch/middleware/templates/rescues/_source.html.erb
  Rendered /Users/Esau/.rbenv/versions/2.2.3/lib/ruby/gems/2.2.0/gems/actionpack-5.0.1/lib/action_dispatch/middleware/templates/rescues/_source.html.erb (7.2ms)
  Rendering /Users/Esau/.rbenv/versions/2.2.3/lib/ruby/gems/2.2.0/gems/actionpack-5.0.1/lib/action_dispatch/middleware/templates/rescues/_trace.html.erb
  Rendered /Users/Esau/.rbenv/versions/2.2.3/lib/ruby/gems/2.2.0/gems/actionpack-5.0.1/lib/action_dispatch/middleware/templates/rescues/_trace.html.erb (2.6ms)
  Rendering /Users/Esau/.rbenv/versions/2.2.3/lib/ruby/gems/2.2.0/gems/actionpack-5.0.1/lib/action_dispatch/middleware/templates/rescues/_request_and_response.html.erb
  Rendered /Users/Esau/.rbenv/versions/2.2.3/lib/ruby/gems/2.2.0/gems/actionpack-5.0.1/lib/action_dispatch/middleware/templates/rescues/_request_and_response.html.erb (1.0ms)
  Rendered /Users/Esau/.rbenv/versions/2.2.3/lib/ruby/gems/2.2.0/gems/actionpack-5.0.1/lib/action_dispatch/middleware/templates/rescues/diagnostics.html.erb within rescues/layout (117.8ms)
Started GET "/" for ::1 at 2017-02-27 16:36:11 -0800
Processing by SessionsController#new as HTML
  Rendering sessions/new.html.erb within layouts/application
  Rendered sessions/new.html.erb within layouts/application (2.2ms)
  [1m[36mUser Load (0.3ms)[0m  [1m[34mSELECT  "users".* FROM "users" WHERE "users"."id" = $1 LIMIT $2[0m  [["id", 1], ["LIMIT", 1]]
Completed 200 OK in 55ms (Views: 47.5ms | ActiveRecord: 4.6ms)


Started GET "/" for ::1 at 2017-02-27 16:36:18 -0800
Processing by UsersController#new as HTML
  Rendering users/new.html.erb within layouts/application
  Rendered users/new.html.erb within layouts/application (4.7ms)
  [1m[36mUser Load (0.4ms)[0m  [1m[34mSELECT  "users".* FROM "users" WHERE "users"."id" = $1 LIMIT $2[0m  [["id", 1], ["LIMIT", 1]]
Completed 200 OK in 77ms (Views: 50.5ms | ActiveRecord: 0.4ms)


Started DELETE "/logout" for ::1 at 2017-02-27 16:36:35 -0800
Processing by SessionsController#destroy as HTML
  Parameters: {"authenticity_token"=>"hy1Or35xD4M88OvPYVnxdEXpXkphG0Imt/TdYuj8NbwHoI/ixER+b2iwX/PoTqI1aenm/T1zwoW5WmB5IAUc7g=="}
Redirected to http://localhost:3000/login
Completed 302 Found in 1ms (ActiveRecord: 0.0ms)


Started GET "/login" for ::1 at 2017-02-27 16:36:35 -0800
Processing by SessionsController#new as HTML
  Rendering sessions/new.html.erb within layouts/application
  Rendered sessions/new.html.erb within layouts/application (2.4ms)
Completed 200 OK in 39ms (Views: 35.9ms | ActiveRecord: 0.0ms)


Started GET "/" for ::1 at 2017-02-27 16:36:46 -0800
Processing by UsersController#new as HTML
  Rendering users/new.html.erb within layouts/application
  Rendered users/new.html.erb within layouts/application (3.0ms)
Completed 200 OK in 46ms (Views: 42.6ms | ActiveRecord: 0.0ms)


Started GET "/login" for ::1 at 2017-02-27 16:36:51 -0800
Processing by SessionsController#new as HTML
  Rendering sessions/new.html.erb within layouts/application
  Rendered sessions/new.html.erb within layouts/application (3.4ms)
Completed 200 OK in 45ms (Views: 40.8ms | ActiveRecord: 0.0ms)


Started POST "/login" for ::1 at 2017-02-27 16:36:53 -0800
Processing by SessionsController#create as HTML
  Parameters: {"utf8"=>"✓", "authenticity_token"=>"u/d8PTgMJn+hybo0mfMpll0y0ZnCvwbPRL6/LoxOczgoJ923xfmzA5YnADk4luxDP5X4UFBeGxAdqKIvt2qJTw==", "login"=>{"email"=>"ovan20081@outlook.com", "password"=>"[FILTERED]"}, "commit"=>"Log In"}
  [1m[36mUser Load (0.3ms)[0m  [1m[34mSELECT  "users".* FROM "users" WHERE "users"."email" = $1 LIMIT $2[0m  [["email", "ovan20081@outlook.com"], ["LIMIT", 1]]
Redirected to http://localhost:3000/
Completed 302 Found in 99ms (ActiveRecord: 0.3ms)


Started GET "/" for ::1 at 2017-02-27 16:36:53 -0800
Processing by UsersController#new as HTML
  Rendering users/new.html.erb within layouts/application
  Rendered users/new.html.erb within layouts/application (2.9ms)
  [1m[36mUser Load (0.3ms)[0m  [1m[34mSELECT  "users".* FROM "users" WHERE "users"."id" = $1 LIMIT $2[0m  [["id", 1], ["LIMIT", 1]]
Completed 200 OK in 40ms (Views: 36.2ms | ActiveRecord: 0.3ms)


Started DELETE "/logout" for ::1 at 2017-02-27 16:37:09 -0800
Processing by SessionsController#destroy as HTML
  Parameters: {"authenticity_token"=>"IdEb0V5bIoRpAIPdS7e6KeRC+qwdxrwyHLGhlr+KMt6hXNqc5G5TaD1AN+HCoOloyEJCG0GuPJESHxyNd3MbjA=="}
Redirected to http://localhost:3000/login
Completed 302 Found in 1ms (ActiveRecord: 0.0ms)


Started GET "/login" for ::1 at 2017-02-27 16:37:09 -0800
Processing by SessionsController#new as HTML
  Rendering sessions/new.html.erb within layouts/application
  Rendered sessions/new.html.erb within layouts/application (1.7ms)
Completed 200 OK in 37ms (Views: 33.9ms | ActiveRecord: 0.0ms)


Started GET "/" for ::1 at 2017-02-27 16:38:31 -0800
Processing by UsersController#new as HTML
  Rendering users/new.html.erb within layouts/application
  Rendered users/new.html.erb within layouts/application (3.4ms)
Completed 200 OK in 42ms (Views: 37.5ms | ActiveRecord: 0.0ms)


Started GET "/login" for ::1 at 2017-02-27 16:43:59 -0800
Processing by SessionsController#new as HTML
  Rendering sessions/new.html.erb within layouts/application
  Rendered sessions/new.html.erb within layouts/application (3.1ms)
Completed 200 OK in 52ms (Views: 47.0ms | ActiveRecord: 0.0ms)


Started POST "/login" for ::1 at 2017-02-27 16:44:00 -0800
Processing by SessionsController#create as HTML
  Parameters: {"utf8"=>"✓", "authenticity_token"=>"39w4y475MrBGN+xS7i2NWFOBq5xAyVckTyNDgM7aKEBMDJlBcwynzHHZVl9PSEiNMSaCVdIoSvsWNV6B9f7SNw==", "login"=>{"email"=>"ovan20081@outlook.com", "password"=>"[FILTERED]"}, "commit"=>"Log In"}
  [1m[36mUser Load (0.5ms)[0m  [1m[34mSELECT  "users".* FROM "users" WHERE "users"."email" = $1 LIMIT $2[0m  [["email", "ovan20081@outlook.com"], ["LIMIT", 1]]
Redirected to http://localhost:3000/
Completed 302 Found in 95ms (ActiveRecord: 0.5ms)


Started GET "/" for ::1 at 2017-02-27 16:44:00 -0800
Processing by UsersController#new as HTML
  Rendering users/new.html.erb within layouts/application
  Rendered users/new.html.erb within layouts/application (2.8ms)
  [1m[36mUser Load (0.2ms)[0m  [1m[34mSELECT  "users".* FROM "users" WHERE "users"."id" = $1 LIMIT $2[0m  [["id", 1], ["LIMIT", 1]]
Completed 200 OK in 43ms (Views: 39.7ms | ActiveRecord: 0.2ms)


Started GET "/" for ::1 at 2017-02-27 16:44:07 -0800
Processing by UsersController#new as HTML
  Rendering users/new.html.erb within layouts/application
  Rendered users/new.html.erb within layouts/application (4.1ms)
  [1m[36mUser Load (0.4ms)[0m  [1m[34mSELECT  "users".* FROM "users" WHERE "users"."id" = $1 LIMIT $2[0m  [["id", 1], ["LIMIT", 1]]
Completed 200 OK in 45ms (Views: 41.1ms | ActiveRecord: 0.4ms)


Started GET "/posts" for ::1 at 2017-02-27 16:44:10 -0800
Processing by PostsController#index as HTML
  Rendering posts/index.html.erb within layouts/application
  Rendered posts/index.html.erb within layouts/application (3.2ms)
Completed 500 Internal Server Error in 36ms (ActiveRecord: 0.0ms)


  
ActionView::Template::Error (undefined method `each' for nil:NilClass):
    10:   </thead>
    11: 
    12:   <tbody>
    13:     <% @vampires.each do |vampire| %>
    14:       <tr>
    15:         <td><%= post.title %> </td>
    16:         <td><%= post.content %></td>
  
app/views/posts/index.html.erb:13:in `_app_views_posts_index_html_erb___3670268513429188433_70241343021560'
  Rendering /Users/Esau/.rbenv/versions/2.2.3/lib/ruby/gems/2.2.0/gems/actionpack-5.0.1/lib/action_dispatch/middleware/templates/rescues/template_error.html.erb within rescues/layout
Started GET "/posts" for ::1 at 2017-02-27 16:44:10 -0800
  Rendering /Users/Esau/.rbenv/versions/2.2.3/lib/ruby/gems/2.2.0/gems/actionpack-5.0.1/lib/action_dispatch/middleware/templates/rescues/_source.html.erb
Processing by PostsController#index as HTML
  Rendered /Users/Esau/.rbenv/versions/2.2.3/lib/ruby/gems/2.2.0/gems/actionpack-5.0.1/lib/action_dispatch/middleware/templates/rescues/_source.html.erb (9.0ms)
  Rendering /Users/Esau/.rbenv/versions/2.2.3/lib/ruby/gems/2.2.0/gems/actionpack-5.0.1/lib/action_dispatch/middleware/templates/rescues/_trace.html.erb
  Rendered /Users/Esau/.rbenv/versions/2.2.3/lib/ruby/gems/2.2.0/gems/actionpack-5.0.1/lib/action_dispatch/middleware/templates/rescues/_trace.html.erb (3.6ms)
  Rendering posts/index.html.erb within layouts/application
  Rendered posts/index.html.erb within layouts/application (3.5ms)
Completed 500 Internal Server Error in 80ms (ActiveRecord: 0.0ms)


  Rendering /Users/Esau/.rbenv/versions/2.2.3/lib/ruby/gems/2.2.0/gems/actionpack-5.0.1/lib/action_dispatch/middleware/templates/rescues/_request_and_response.html.erb
  
  Rendered /Users/Esau/.rbenv/versions/2.2.3/lib/ruby/gems/2.2.0/gems/actionpack-5.0.1/lib/action_dispatch/middleware/templates/rescues/_request_and_response.html.erb (1.0ms)
ActionView::Template::Error (undefined method `each' for nil:NilClass):
  Rendered /Users/Esau/.rbenv/versions/2.2.3/lib/ruby/gems/2.2.0/gems/actionpack-5.0.1/lib/action_dispatch/middleware/templates/rescues/template_error.html.erb within rescues/layout (137.8ms)
    10:   </thead>
    11: 
    12:   <tbody>
    13:     <% @vampires.each do |vampire| %>
    14:       <tr>
    15:         <td><%= post.title %> </td>
    16:         <td><%= post.content %></td>
  
app/views/posts/index.html.erb:13:in `_app_views_posts_index_html_erb___3670268513429188433_70241339408960'
  Rendering /Users/Esau/.rbenv/versions/2.2.3/lib/ruby/gems/2.2.0/gems/actionpack-5.0.1/lib/action_dispatch/middleware/templates/rescues/template_error.html.erb within rescues/layout
  Rendering /Users/Esau/.rbenv/versions/2.2.3/lib/ruby/gems/2.2.0/gems/actionpack-5.0.1/lib/action_dispatch/middleware/templates/rescues/_source.html.erb
  Rendered /Users/Esau/.rbenv/versions/2.2.3/lib/ruby/gems/2.2.0/gems/actionpack-5.0.1/lib/action_dispatch/middleware/templates/rescues/_source.html.erb (9.2ms)
  Rendering /Users/Esau/.rbenv/versions/2.2.3/lib/ruby/gems/2.2.0/gems/actionpack-5.0.1/lib/action_dispatch/middleware/templates/rescues/_trace.html.erb
  Rendered /Users/Esau/.rbenv/versions/2.2.3/lib/ruby/gems/2.2.0/gems/actionpack-5.0.1/lib/action_dispatch/middleware/templates/rescues/_trace.html.erb (3.5ms)
  Rendering /Users/Esau/.rbenv/versions/2.2.3/lib/ruby/gems/2.2.0/gems/actionpack-5.0.1/lib/action_dispatch/middleware/templates/rescues/_request_and_response.html.erb
  Rendered /Users/Esau/.rbenv/versions/2.2.3/lib/ruby/gems/2.2.0/gems/actionpack-5.0.1/lib/action_dispatch/middleware/templates/rescues/_request_and_response.html.erb (1.0ms)
  Rendered /Users/Esau/.rbenv/versions/2.2.3/lib/ruby/gems/2.2.0/gems/actionpack-5.0.1/lib/action_dispatch/middleware/templates/rescues/template_error.html.erb within rescues/layout (114.7ms)
Started GET "/posts" for ::1 at 2017-02-27 16:44:23 -0800
Processing by PostsController#index as HTML
  Rendering posts/index.html.erb within layouts/application
  Rendered posts/index.html.erb within layouts/application (4.5ms)
Completed 500 Internal Server Error in 13ms (ActiveRecord: 0.0ms)


  
ActionView::Template::Error (undefined method `each' for nil:NilClass):
    10:   </thead>
    11: 
    12:   <tbody>
    13:     <% @vampires.each do |post| %>
    14:       <tr>
    15:         <td><%= post.title %> </td>
    16:         <td><%= post.content %></td>
  
app/views/posts/index.html.erb:13:in `_app_views_posts_index_html_erb___3670268513429188433_70241333055400'
  Rendering /Users/Esau/.rbenv/versions/2.2.3/lib/ruby/gems/2.2.0/gems/actionpack-5.0.1/lib/action_dispatch/middleware/templates/rescues/template_error.html.erb within rescues/layout
  Rendering /Users/Esau/.rbenv/versions/2.2.3/lib/ruby/gems/2.2.0/gems/actionpack-5.0.1/lib/action_dispatch/middleware/templates/rescues/_source.html.erb
  Rendered /Users/Esau/.rbenv/versions/2.2.3/lib/ruby/gems/2.2.0/gems/actionpack-5.0.1/lib/action_dispatch/middleware/templates/rescues/_source.html.erb (9.5ms)
  Rendering /Users/Esau/.rbenv/versions/2.2.3/lib/ruby/gems/2.2.0/gems/actionpack-5.0.1/lib/action_dispatch/middleware/templates/rescues/_trace.html.erb
  Rendered /Users/Esau/.rbenv/versions/2.2.3/lib/ruby/gems/2.2.0/gems/actionpack-5.0.1/lib/action_dispatch/middleware/templates/rescues/_trace.html.erb (4.2ms)
  Rendering /Users/Esau/.rbenv/versions/2.2.3/lib/ruby/gems/2.2.0/gems/actionpack-5.0.1/lib/action_dispatch/middleware/templates/rescues/_request_and_response.html.erb
  Rendered /Users/Esau/.rbenv/versions/2.2.3/lib/ruby/gems/2.2.0/gems/actionpack-5.0.1/lib/action_dispatch/middleware/templates/rescues/_request_and_response.html.erb (1.0ms)
  Rendered /Users/Esau/.rbenv/versions/2.2.3/lib/ruby/gems/2.2.0/gems/actionpack-5.0.1/lib/action_dispatch/middleware/templates/rescues/template_error.html.erb within rescues/layout (119.2ms)
Started GET "/posts" for ::1 at 2017-02-27 16:44:32 -0800
Processing by PostsController#index as HTML
  Rendering posts/index.html.erb within layouts/application
  [1m[36mPost Load (9.9ms)[0m  [1m[34mSELECT "posts".* FROM "posts"[0m
  Rendered posts/index.html.erb within layouts/application (74.6ms)
Completed 500 Internal Server Error in 84ms (ActiveRecord: 11.1ms)


  
ActionView::Template::Error (undefined local variable or method `new_story_path' for #<#<Class:0x007fc4ac9b7af8>:0x007fc4a7c57858>):
    23: </table>
    24: 
    25: <br>
    26: <%= link_to "New Story", new_story_path %>
  
app/views/posts/index.html.erb:26:in `_app_views_posts_index_html_erb___3670268513429188433_70241302438200'
  Rendering /Users/Esau/.rbenv/versions/2.2.3/lib/ruby/gems/2.2.0/gems/actionpack-5.0.1/lib/action_dispatch/middleware/templates/rescues/template_error.html.erb within rescues/layout
  Rendering /Users/Esau/.rbenv/versions/2.2.3/lib/ruby/gems/2.2.0/gems/actionpack-5.0.1/lib/action_dispatch/middleware/templates/rescues/_source.html.erb
  Rendered /Users/Esau/.rbenv/versions/2.2.3/lib/ruby/gems/2.2.0/gems/actionpack-5.0.1/lib/action_dispatch/middleware/templates/rescues/_source.html.erb (8.8ms)
  Rendering /Users/Esau/.rbenv/versions/2.2.3/lib/ruby/gems/2.2.0/gems/actionpack-5.0.1/lib/action_dispatch/middleware/templates/rescues/_trace.html.erb
  Rendered /Users/Esau/.rbenv/versions/2.2.3/lib/ruby/gems/2.2.0/gems/actionpack-5.0.1/lib/action_dispatch/middleware/templates/rescues/_trace.html.erb (3.2ms)
  Rendering /Users/Esau/.rbenv/versions/2.2.3/lib/ruby/gems/2.2.0/gems/actionpack-5.0.1/lib/action_dispatch/middleware/templates/rescues/_request_and_response.html.erb
  Rendered /Users/Esau/.rbenv/versions/2.2.3/lib/ruby/gems/2.2.0/gems/actionpack-5.0.1/lib/action_dispatch/middleware/templates/rescues/_request_and_response.html.erb (1.4ms)
  Rendered /Users/Esau/.rbenv/versions/2.2.3/lib/ruby/gems/2.2.0/gems/actionpack-5.0.1/lib/action_dispatch/middleware/templates/rescues/template_error.html.erb within rescues/layout (117.6ms)
Started GET "/posts" for ::1 at 2017-02-27 16:44:47 -0800
Processing by PostsController#index as HTML
  Rendering posts/index.html.erb within layouts/application
  [1m[36mPost Load (0.7ms)[0m  [1m[34mSELECT "posts".* FROM "posts"[0m
  Rendered posts/index.html.erb within layouts/application (2.6ms)
  [1m[36mUser Load (0.3ms)[0m  [1m[34mSELECT  "users".* FROM "users" WHERE "users"."id" = $1 LIMIT $2[0m  [["id", 1], ["LIMIT", 1]]
Completed 200 OK in 48ms (Views: 43.7ms | ActiveRecord: 1.0ms)


Started GET "/" for ::1 at 2017-02-27 16:44:54 -0800
Processing by UsersController#new as HTML
  Rendering users/new.html.erb within layouts/application
  Rendered users/new.html.erb within layouts/application (4.9ms)
  [1m[36mUser Load (0.3ms)[0m  [1m[34mSELECT  "users".* FROM "users" WHERE "users"."id" = $1 LIMIT $2[0m  [["id", 1], ["LIMIT", 1]]
Completed 200 OK in 45ms (Views: 40.5ms | ActiveRecord: 0.3ms)


Started DELETE "/logout" for ::1 at 2017-02-27 16:44:56 -0800
Processing by SessionsController#destroy as HTML
  Parameters: {"authenticity_token"=>"6hG1YZ3iI8BjOajkMMGTsQDpuByAOm86vIsyLxeg1ZRqnHQsJ9dSLDd5HNi51sDwLOkAq9xS75myJY8031n8xg=="}
Redirected to http://localhost:3000/login
Completed 302 Found in 1ms (ActiveRecord: 0.0ms)


Started GET "/login" for ::1 at 2017-02-27 16:44:56 -0800
Processing by SessionsController#new as HTML
  Rendering sessions/new.html.erb within layouts/application
  Rendered sessions/new.html.erb within layouts/application (1.7ms)
Completed 200 OK in 59ms (Views: 56.5ms | ActiveRecord: 0.0ms)


Started POST "/login" for ::1 at 2017-02-27 16:44:58 -0800
Processing by SessionsController#create as HTML
  Parameters: {"utf8"=>"✓", "authenticity_token"=>"74GcfMtGUivO2Q+lq6IEsN4ia17tE2ADLLEZD/6pFMtvDF0xcXMjx5qZu5kitVfx8iLT6bF74KAiH6QUNlA9mQ==", "login"=>{"email"=>"ovan20081@outlook.com", "password"=>"[FILTERED]"}, "commit"=>"Log In"}
  [1m[36mUser Load (0.3ms)[0m  [1m[34mSELECT  "users".* FROM "users" WHERE "users"."email" = $1 LIMIT $2[0m  [["email", "ovan20081@outlook.com"], ["LIMIT", 1]]
Redirected to http://localhost:3000/
Completed 302 Found in 97ms (ActiveRecord: 0.3ms)


Started GET "/" for ::1 at 2017-02-27 16:44:58 -0800
Processing by UsersController#new as HTML
  Rendering users/new.html.erb within layouts/application
  Rendered users/new.html.erb within layouts/application (3.6ms)
  [1m[36mUser Load (0.5ms)[0m  [1m[34mSELECT  "users".* FROM "users" WHERE "users"."id" = $1 LIMIT $2[0m  [["id", 1], ["LIMIT", 1]]
Completed 200 OK in 52ms (Views: 48.0ms | ActiveRecord: 0.5ms)


Started DELETE "/logout" for ::1 at 2017-02-27 16:45:12 -0800
Processing by SessionsController#destroy as HTML
  Parameters: {"authenticity_token"=>"1J+hJuNbbf/ybA7qErE3BmMx+bOPywZr0l1Grlb/6qlUEmBrWW4cE6YsutabpmRHTzFBBNOjhsjc8/u1ngbD+w=="}
Redirected to http://localhost:3000/login
Completed 302 Found in 1ms (ActiveRecord: 0.0ms)


Started GET "/login" for ::1 at 2017-02-27 16:45:12 -0800
Processing by SessionsController#new as HTML
  Rendering sessions/new.html.erb within layouts/application
  Rendered sessions/new.html.erb within layouts/application (1.9ms)
Completed 200 OK in 40ms (Views: 37.1ms | ActiveRecord: 0.0ms)


Started GET "/login" for ::1 at 2017-02-27 16:45:33 -0800
Processing by SessionsController#new as HTML
  Rendering sessions/new.html.erb within layouts/application
  Rendered sessions/new.html.erb within layouts/application (2.6ms)
Completed 200 OK in 50ms (Views: 45.8ms | ActiveRecord: 0.0ms)


Started POST "/login" for ::1 at 2017-02-27 16:45:34 -0800
Processing by SessionsController#create as HTML
  Parameters: {"utf8"=>"✓", "authenticity_token"=>"afzdwJqEKR8sduhLICkamLbORxUvotuoSdWk88aERV/pcRyNILFY83g2XHepPknZms7/onPKWwtHexnoDn1sDQ==", "login"=>{"email"=>"ovan20081@outlook.com", "password"=>"[FILTERED]"}, "commit"=>"Log In"}
  [1m[36mUser Load (0.3ms)[0m  [1m[34mSELECT  "users".* FROM "users" WHERE "users"."email" = $1 LIMIT $2[0m  [["email", "ovan20081@outlook.com"], ["LIMIT", 1]]
Redirected to http://localhost:3000/
Completed 302 Found in 100ms (ActiveRecord: 0.3ms)


Started GET "/" for ::1 at 2017-02-27 16:45:34 -0800
Processing by UsersController#new as HTML
  Rendering users/new.html.erb within layouts/application
  Rendered users/new.html.erb within layouts/application (3.3ms)
  [1m[36mUser Load (0.4ms)[0m  [1m[34mSELECT  "users".* FROM "users" WHERE "users"."id" = $1 LIMIT $2[0m  [["id", 1], ["LIMIT", 1]]
Completed 200 OK in 50ms (Views: 46.8ms | ActiveRecord: 0.4ms)


Started GET "/" for ::1 at 2017-02-27 16:45:52 -0800
Processing by UsersController#new as HTML
  Rendering users/new.html.erb within layouts/application
  Rendered users/new.html.erb within layouts/application (3.7ms)
  [1m[36mUser Load (0.3ms)[0m  [1m[34mSELECT  "users".* FROM "users" WHERE "users"."id" = $1 LIMIT $2[0m  [["id", 1], ["LIMIT", 1]]
Completed 200 OK in 50ms (Views: 46.3ms | ActiveRecord: 0.3ms)


Started DELETE "/logout" for ::1 at 2017-02-27 16:45:54 -0800
Processing by SessionsController#destroy as HTML
  Parameters: {"authenticity_token"=>"FbUkLZuz9mYiaWTfw9ramhgtLLDifl0CaQESRxh3scWVOOVgIYaHinYp0ONKzYnbNC2UB74W3aFnr69c0I6Ylw=="}
Redirected to http://localhost:3000/login
Completed 302 Found in 1ms (ActiveRecord: 0.0ms)


Started GET "/login" for ::1 at 2017-02-27 16:45:54 -0800
Processing by SessionsController#new as HTML
  Rendering sessions/new.html.erb within layouts/application
  Rendered sessions/new.html.erb within layouts/application (2.3ms)
Completed 200 OK in 60ms (Views: 57.1ms | ActiveRecord: 0.0ms)


Started POST "/login" for ::1 at 2017-02-27 16:45:55 -0800
Processing by SessionsController#create as HTML
  Parameters: {"utf8"=>"✓", "authenticity_token"=>"7P2YYN67J3T1jxQOgHDLmdjhNBaAMg4OKJFw7Vk+6INscFktZI5WmKHPoDIJZ5jY9OGModxajq0mP832kcfB0Q==", "login"=>{"email"=>"ovan20081@outlook.com", "password"=>"[FILTERED]"}, "commit"=>"Log In"}
  [1m[36mUser Load (0.4ms)[0m  [1m[34mSELECT  "users".* FROM "users" WHERE "users"."email" = $1 LIMIT $2[0m  [["email", "ovan20081@outlook.com"], ["LIMIT", 1]]
Redirected to http://localhost:3000/
Completed 302 Found in 94ms (ActiveRecord: 0.4ms)


Started GET "/" for ::1 at 2017-02-27 16:45:55 -0800
Processing by UsersController#new as HTML
  Rendering users/new.html.erb within layouts/application
  Rendered users/new.html.erb within layouts/application (2.9ms)
  [1m[36mUser Load (0.3ms)[0m  [1m[34mSELECT  "users".* FROM "users" WHERE "users"."id" = $1 LIMIT $2[0m  [["id", 1], ["LIMIT", 1]]
Completed 200 OK in 47ms (Views: 43.3ms | ActiveRecord: 0.3ms)


Started DELETE "/logout" for ::1 at 2017-02-27 16:46:29 -0800
Processing by SessionsController#destroy as HTML
  Parameters: {"authenticity_token"=>"anWBlOvKck1DBbk9S9ACOfDn/00hLPfrGX7kfO/xeOjq+EDZUf8DoRdFDQHCx1F43OdH+n1Ed0gX0FlnJwhRug=="}
Redirected to http://localhost:3000/login
Completed 302 Found in 1ms (ActiveRecord: 0.0ms)


Started GET "/login" for ::1 at 2017-02-27 16:46:29 -0800
Processing by SessionsController#new as HTML
  Rendering sessions/new.html.erb within layouts/application
  Rendered sessions/new.html.erb within layouts/application (2.3ms)
Completed 200 OK in 44ms (Views: 40.7ms | ActiveRecord: 0.0ms)


Started POST "/login" for ::1 at 2017-02-27 16:46:30 -0800
Processing by SessionsController#create as HTML
  Parameters: {"utf8"=>"✓", "authenticity_token"=>"LLOXSXRc5RAB2JFIjcDifM0Q5FcTBF6ENJ8ZsRo+XgesPlYEzmmU/FWYJXQE17E94RBc4E9s3ic6MaSq0sd3VQ==", "login"=>{"email"=>"ovan20081@outlook.com", "password"=>"[FILTERED]"}, "commit"=>"Log In"}
  [1m[36mUser Load (0.3ms)[0m  [1m[34mSELECT  "users".* FROM "users" WHERE "users"."email" = $1 LIMIT $2[0m  [["email", "ovan20081@outlook.com"], ["LIMIT", 1]]
Redirected to http://localhost:3000/posts
Completed 302 Found in 109ms (ActiveRecord: 4.1ms)


Started GET "/posts" for ::1 at 2017-02-27 16:46:30 -0800
Processing by PostsController#index as HTML
  Rendering posts/index.html.erb within layouts/application
  [1m[36mPost Load (0.3ms)[0m  [1m[34mSELECT "posts".* FROM "posts"[0m
  Rendered posts/index.html.erb within layouts/application (3.1ms)
  [1m[36mUser Load (0.2ms)[0m  [1m[34mSELECT  "users".* FROM "users" WHERE "users"."id" = $1 LIMIT $2[0m  [["id", 1], ["LIMIT", 1]]
Completed 200 OK in 62ms (Views: 46.7ms | ActiveRecord: 0.5ms)


Started DELETE "/logout" for ::1 at 2017-02-27 16:48:49 -0800
Processing by SessionsController#destroy as HTML
  Parameters: {"authenticity_token"=>"37AgIBe5dMmCZRJELXDSmRnJ97x3ErdOc5G6XbA6GPlfPeFtrYwFJdYlpnikZ4HYNclPCyt6N+19PwdGeMMxqw=="}
Redirected to http://localhost:3000/login
Completed 302 Found in 2ms (ActiveRecord: 0.0ms)


Started GET "/login" for ::1 at 2017-02-27 16:48:49 -0800
Processing by SessionsController#new as HTML
  Rendering sessions/new.html.erb within layouts/application
  Rendered sessions/new.html.erb within layouts/application (2.4ms)
Completed 200 OK in 101ms (Views: 90.3ms | ActiveRecord: 0.0ms)


Started POST "/login" for ::1 at 2017-02-27 16:48:52 -0800
Processing by SessionsController#create as HTML
  Parameters: {"utf8"=>"✓", "authenticity_token"=>"ovPfShEvuMiiS16NsiCFdWSY0wMPDWoh3+ayiYx0kUwifh4HqxrJJPYL6rE7N9Y0SJhrtFNl6oLRSA+SRI24Hg==", "login"=>{"email"=>"ovan20081@outlook.com", "password"=>"[FILTERED]"}, "commit"=>"Log In"}
  [1m[36mUser Load (0.3ms)[0m  [1m[34mSELECT  "users".* FROM "users" WHERE "users"."email" = $1 LIMIT $2[0m  [["email", "ovan20081@outlook.com"], ["LIMIT", 1]]
Redirected to http://localhost:3000/posts
Completed 302 Found in 101ms (ActiveRecord: 0.3ms)


Started GET "/posts" for ::1 at 2017-02-27 16:48:52 -0800
Processing by PostsController#index as HTML
  Rendering posts/index.html.erb within layouts/application
  [1m[36mPost Load (0.3ms)[0m  [1m[34mSELECT "posts".* FROM "posts"[0m
  Rendered posts/index.html.erb within layouts/application (1.7ms)
  [1m[36mUser Load (0.2ms)[0m  [1m[34mSELECT  "users".* FROM "users" WHERE "users"."id" = $1 LIMIT $2[0m  [["id", 1], ["LIMIT", 1]]
Completed 200 OK in 42ms (Views: 38.9ms | ActiveRecord: 0.6ms)


Started DELETE "/logout" for ::1 at 2017-02-27 16:49:29 -0800
Processing by SessionsController#destroy as HTML
  Parameters: {"authenticity_token"=>"pK5V72K9NQBbnxFVm+/qpUvSob0AvXBEwn+HTfYahq4kI5Si2IhE7A/fpWkS+LnkZ9IZClzV8OfM0TpWPuOv/A=="}
Redirected to http://localhost:3000/login
Completed 302 Found in 1ms (ActiveRecord: 0.0ms)


Started GET "/login" for ::1 at 2017-02-27 16:49:29 -0800
Processing by SessionsController#new as HTML
  Rendering sessions/new.html.erb within layouts/application
  Rendered sessions/new.html.erb within layouts/application (1.9ms)
Completed 200 OK in 37ms (Views: 34.0ms | ActiveRecord: 0.0ms)


Started GET "/" for ::1 at 2017-02-27 16:49:32 -0800
Processing by UsersController#new as HTML
  Rendering users/new.html.erb within layouts/application
  Rendered users/new.html.erb within layouts/application (3.4ms)
Completed 200 OK in 75ms (Views: 38.7ms | ActiveRecord: 0.0ms)


Started GET "/login" for ::1 at 2017-02-27 16:49:36 -0800
Processing by SessionsController#new as HTML
  Rendering sessions/new.html.erb within layouts/application
  Rendered sessions/new.html.erb within layouts/application (2.6ms)
Completed 200 OK in 47ms (Views: 42.4ms | ActiveRecord: 0.0ms)


Started POST "/login" for ::1 at 2017-02-27 16:49:38 -0800
Processing by SessionsController#create as HTML
  Parameters: {"utf8"=>"✓", "authenticity_token"=>"Q3MWDrjoIcwc8SRUR7zt0dCJwAWPbmm+3lpKRKO6k4HQo7eERR20sCsfnlnm2SgEsi7pzB2PdGGHTFdFmJ5p9g==", "login"=>{"email"=>"ovan20081@outlook.com", "password"=>"[FILTERED]"}, "commit"=>"Log In"}
  [1m[36mUser Load (0.3ms)[0m  [1m[34mSELECT  "users".* FROM "users" WHERE "users"."email" = $1 LIMIT $2[0m  [["email", "ovan20081@outlook.com"], ["LIMIT", 1]]
Redirected to http://localhost:3000/posts
Completed 302 Found in 95ms (ActiveRecord: 0.3ms)


Started GET "/posts" for ::1 at 2017-02-27 16:49:38 -0800
Processing by PostsController#index as HTML
  Rendering posts/index.html.erb within layouts/application
  [1m[36mPost Load (0.3ms)[0m  [1m[34mSELECT "posts".* FROM "posts"[0m
  Rendered posts/index.html.erb within layouts/application (1.7ms)
  [1m[36mUser Load (0.3ms)[0m  [1m[34mSELECT  "users".* FROM "users" WHERE "users"."id" = $1 LIMIT $2[0m  [["id", 1], ["LIMIT", 1]]
Completed 200 OK in 38ms (Views: 35.2ms | ActiveRecord: 0.6ms)


Started DELETE "/logout" for ::1 at 2017-02-27 16:50:38 -0800
Processing by SessionsController#destroy as HTML
  Parameters: {"authenticity_token"=>"jWONDKJdhq/f94GmJKpr9wE4nMLsd5/sq444SaIijFIN7kxBGGj3Q4u3NZqtvTi2LTgkdbAfH0+lIIVSatulAA=="}
Redirected to http://localhost:3000/login
Completed 302 Found in 1ms (ActiveRecord: 0.0ms)


Started GET "/login" for ::1 at 2017-02-27 16:50:38 -0800
Processing by SessionsController#new as HTML
  Rendering sessions/new.html.erb within layouts/application
  Rendered sessions/new.html.erb within layouts/application (1.8ms)
Completed 200 OK in 39ms (Views: 36.4ms | ActiveRecord: 0.0ms)


